{"/home/caioqf/projects/api_reserva_v3/src/database/data-source.ts": {"path":"/home/caioqf/projects/api_reserva_v3/src/database/data-source.ts","statementMap":{"0":{"start":{"line":1,"column":0},"end":{"line":1,"column":25}},"1":{"start":{"line":2,"column":0},"end":{"line":2,"column":36}},"2":{"start":{"line":3,"column":0},"end":{"line":3,"column":39}},"3":{"start":{"line":4,"column":0},"end":{"line":4,"column":39}},"4":{"start":{"line":6,"column":13},"end":{"line":27,"column":null}}},"fnMap":{},"branchMap":{},"s":{"0":1,"1":1,"2":1,"3":1,"4":1},"f":{},"b":{}}
,"/home/caioqf/projects/api_reserva_v3/src/entity/Hospede.ts": {"path":"/home/caioqf/projects/api_reserva_v3/src/entity/Hospede.ts","statementMap":{"0":{"start":{"line":1,"column":0},"end":{"line":1,"column":65}},"1":{"start":{"line":4,"column":0},"end":{"line":4,"column":6}},"2":{"start":{"line":7,"column":2},"end":{"line":7,"column":null}},"3":{"start":{"line":10,"column":2},"end":{"line":10,"column":null}},"4":{"start":{"line":13,"column":2},"end":{"line":13,"column":null}},"5":{"start":{"line":16,"column":2},"end":{"line":16,"column":null}},"6":{"start":{"line":19,"column":2},"end":{"line":19,"column":null}},"7":{"start":{"line":22,"column":2},"end":{"line":22,"column":null}},"8":{"start":{"line":25,"column":2},"end":{"line":25,"column":null}},"9":{"start":{"line":28,"column":2},"end":{"line":28,"column":null}},"10":{"start":{"line":4,"column":6},"end":{"line":30,"column":null}},"11":{"start":{"line":30,"column":0},"end":{"line":30,"column":null}},"12":{"start":{"line":32,"column":0},"end":{"line":32,"column":null}}},"fnMap":{"0":{"name":"(anonymous_2)","decl":{"start":{"line":4,"column":0},"end":{"line":4,"column":6}},"loc":{"start":{"line":4,"column":0},"end":{"line":4,"column":6}}}},"branchMap":{},"s":{"0":1,"1":1,"2":1,"3":1,"4":1,"5":1,"6":1,"7":1,"8":1,"9":1,"10":1,"11":1,"12":1},"f":{"0":1},"b":{}}
,"/home/caioqf/projects/api_reserva_v3/src/entity/Reserva.ts": {"path":"/home/caioqf/projects/api_reserva_v3/src/entity/Reserva.ts","statementMap":{"0":{"start":{"line":1,"column":0},"end":{"line":1,"column":88}},"1":{"start":{"line":5,"column":0},"end":{"line":5,"column":6}},"2":{"start":{"line":8,"column":2},"end":{"line":8,"column":null}},"3":{"start":{"line":11,"column":2},"end":{"line":11,"column":null}},"4":{"start":{"line":14,"column":2},"end":{"line":14,"column":null}},"5":{"start":{"line":17,"column":2},"end":{"line":17,"column":null}},"6":{"start":{"line":22,"column":2},"end":{"line":22,"column":null}},"7":{"start":{"line":25,"column":2},"end":{"line":25,"column":null}},"8":{"start":{"line":28,"column":2},"end":{"line":28,"column":null}},"9":{"start":{"line":31,"column":2},"end":{"line":31,"column":null}},"10":{"start":{"line":34,"column":2},"end":{"line":34,"column":null}},"11":{"start":{"line":5,"column":6},"end":{"line":38,"column":null}},"12":{"start":{"line":38,"column":0},"end":{"line":38,"column":null}},"13":{"start":{"line":40,"column":0},"end":{"line":40,"column":null}}},"fnMap":{"0":{"name":"(anonymous_2)","decl":{"start":{"line":5,"column":0},"end":{"line":5,"column":6}},"loc":{"start":{"line":5,"column":0},"end":{"line":5,"column":6}}}},"branchMap":{},"s":{"0":1,"1":1,"2":1,"3":1,"4":1,"5":1,"6":1,"7":1,"8":1,"9":1,"10":1,"11":1,"12":1,"13":1},"f":{"0":1},"b":{}}
,"/home/caioqf/projects/api_reserva_v3/src/reserva/reserva.repository.ts": {"path":"/home/caioqf/projects/api_reserva_v3/src/reserva/reserva.repository.ts","statementMap":{"0":{"start":{"line":1,"column":0},"end":{"line":1,"column":40}},"1":{"start":{"line":2,"column":0},"end":{"line":2,"column":56}},"2":{"start":{"line":4,"column":13},"end":{"line":29,"column":null}},"3":{"start":{"line":7,"column":4},"end":{"line":9,"column":null}},"4":{"start":{"line":14,"column":4},"end":{"line":17,"column":null}},"5":{"start":{"line":21,"column":4},"end":{"line":27,"column":null}}},"fnMap":{"0":{"name":"(anonymous_1)","decl":{"start":{"line":6,"column":2},"end":{"line":6,"column":10}},"loc":{"start":{"line":6,"column":21},"end":{"line":10,"column":3}}},"1":{"name":"(anonymous_2)","decl":{"start":{"line":12,"column":2},"end":{"line":12,"column":16}},"loc":{"start":{"line":12,"column":39},"end":{"line":18,"column":3}}},"2":{"name":"(anonymous_3)","decl":{"start":{"line":20,"column":2},"end":{"line":20,"column":14}},"loc":{"start":{"line":20,"column":41},"end":{"line":28,"column":3}}}},"branchMap":{},"s":{"0":1,"1":1,"2":1,"3":0,"4":0,"5":0},"f":{"0":0,"1":0,"2":0},"b":{}}
,"/home/caioqf/projects/api_reserva_v3/src/reserva/reserva.service.ts": {"path":"/home/caioqf/projects/api_reserva_v3/src/reserva/reserva.service.ts","statementMap":{"0":{"start":{"line":3,"column":0},"end":{"line":3,"column":49}},"1":{"start":{"line":4,"column":0},"end":{"line":4,"column":57}},"2":{"start":{"line":6,"column":0},"end":{"line":6,"column":28}},"3":{"start":{"line":8,"column":0},"end":{"line":8,"column":null}},"4":{"start":{"line":10,"column":8},"end":{"line":32,"column":null}},"5":{"start":{"line":12,"column":24},"end":{"line":12,"column":null}},"6":{"start":{"line":12,"column":10},"end":{"line":12,"column":null}},"7":{"start":{"line":14,"column":4},"end":{"line":16,"column":null}},"8":{"start":{"line":15,"column":6},"end":{"line":15,"column":61}},"9":{"start":{"line":17,"column":27},"end":{"line":17,"column":null}},"10":{"start":{"line":17,"column":10},"end":{"line":17,"column":null}},"11":{"start":{"line":19,"column":10},"end":{"line":27,"column":null}},"12":{"start":{"line":29,"column":4},"end":{"line":29,"column":42}},"13":{"start":{"line":31,"column":4},"end":{"line":31,"column":null}},"14":{"start":{"line":34,"column":8},"end":{"line":39,"column":null}},"15":{"start":{"line":36,"column":10},"end":{"line":36,"column":null}},"16":{"start":{"line":38,"column":4},"end":{"line":38,"column":20}},"17":{"start":{"line":41,"column":8},"end":{"line":50,"column":null}},"18":{"start":{"line":43,"column":20},"end":{"line":43,"column":null}},"19":{"start":{"line":43,"column":10},"end":{"line":43,"column":null}},"20":{"start":{"line":45,"column":4},"end":{"line":47,"column":null}},"21":{"start":{"line":46,"column":6},"end":{"line":46,"column":null}},"22":{"start":{"line":49,"column":4},"end":{"line":49,"column":19}},"23":{"start":{"line":52,"column":8},"end":{"line":64,"column":null}},"24":{"start":{"line":53,"column":10},"end":{"line":53,"column":null}},"25":{"start":{"line":54,"column":10},"end":{"line":54,"column":null}},"26":{"start":{"line":56,"column":10},"end":{"line":56,"column":61}},"27":{"start":{"line":61,"column":10},"end":{"line":61,"column":null}},"28":{"start":{"line":63,"column":4},"end":{"line":63,"column":null}},"29":{"start":{"line":66,"column":8},"end":{"line":97,"column":null}},"30":{"start":{"line":72,"column":20},"end":{"line":72,"column":null}},"31":{"start":{"line":72,"column":10},"end":{"line":72,"column":null}},"32":{"start":{"line":74,"column":4},"end":{"line":76,"column":null}},"33":{"start":{"line":75,"column":6},"end":{"line":75,"column":null}},"34":{"start":{"line":78,"column":4},"end":{"line":80,"column":null}},"35":{"start":{"line":79,"column":6},"end":{"line":79,"column":null}},"36":{"start":{"line":82,"column":4},"end":{"line":84,"column":null}},"37":{"start":{"line":83,"column":6},"end":{"line":83,"column":null}},"38":{"start":{"line":86,"column":4},"end":{"line":88,"column":null}},"39":{"start":{"line":87,"column":6},"end":{"line":87,"column":null}},"40":{"start":{"line":90,"column":4},"end":{"line":92,"column":null}},"41":{"start":{"line":91,"column":6},"end":{"line":91,"column":null}},"42":{"start":{"line":94,"column":4},"end":{"line":94,"column":null}},"43":{"start":{"line":96,"column":4},"end":{"line":96,"column":null}},"44":{"start":{"line":99,"column":8},"end":{"line":118,"column":null}},"45":{"start":{"line":101,"column":20},"end":{"line":101,"column":null}},"46":{"start":{"line":101,"column":10},"end":{"line":101,"column":null}},"47":{"start":{"line":103,"column":4},"end":{"line":105,"column":null}},"48":{"start":{"line":104,"column":6},"end":{"line":104,"column":null}},"49":{"start":{"line":107,"column":4},"end":{"line":109,"column":null}},"50":{"start":{"line":108,"column":6},"end":{"line":108,"column":null}},"51":{"start":{"line":111,"column":4},"end":{"line":113,"column":null}},"52":{"start":{"line":112,"column":6},"end":{"line":112,"column":null}},"53":{"start":{"line":115,"column":4},"end":{"line":115,"column":null}},"54":{"start":{"line":117,"column":4},"end":{"line":117,"column":null}},"55":{"start":{"line":120,"column":8},"end":{"line":130,"column":null}},"56":{"start":{"line":123,"column":20},"end":{"line":123,"column":null}},"57":{"start":{"line":123,"column":10},"end":{"line":123,"column":null}},"58":{"start":{"line":125,"column":4},"end":{"line":125,"column":null}},"59":{"start":{"line":125,"column":18},"end":{"line":125,"column":null}},"60":{"start":{"line":127,"column":4},"end":{"line":127,"column":null}},"61":{"start":{"line":127,"column":89},"end":{"line":127,"column":null}},"62":{"start":{"line":129,"column":4},"end":{"line":129,"column":null}},"63":{"start":{"line":131,"column":0},"end":{"line":131,"column":null}}},"fnMap":{"0":{"name":"(anonymous_14)","decl":{"start":{"line":8,"column":0},"end":{"line":8,"column":null}},"loc":{"start":{"line":8,"column":0},"end":{"line":131,"column":null}}},"1":{"name":"(anonymous_16)","decl":{"start":{"line":10,"column":2},"end":{"line":10,"column":8}},"loc":{"start":{"line":10,"column":44},"end":{"line":32,"column":null}}},"2":{"name":"(anonymous_19)","decl":{"start":{"line":34,"column":2},"end":{"line":34,"column":8}},"loc":{"start":{"line":34,"column":2},"end":{"line":39,"column":null}}},"3":{"name":"(anonymous_22)","decl":{"start":{"line":41,"column":2},"end":{"line":41,"column":8}},"loc":{"start":{"line":41,"column":40},"end":{"line":50,"column":null}}},"4":{"name":"(anonymous_25)","decl":{"start":{"line":52,"column":2},"end":{"line":52,"column":8}},"loc":{"start":{"line":52,"column":71},"end":{"line":64,"column":null}}},"5":{"name":"(anonymous_28)","decl":{"start":{"line":66,"column":2},"end":{"line":66,"column":8}},"loc":{"start":{"line":66,"column":58},"end":{"line":97,"column":null}}},"6":{"name":"(anonymous_31)","decl":{"start":{"line":99,"column":2},"end":{"line":99,"column":8}},"loc":{"start":{"line":99,"column":59},"end":{"line":118,"column":null}}},"7":{"name":"(anonymous_34)","decl":{"start":{"line":120,"column":2},"end":{"line":120,"column":8}},"loc":{"start":{"line":120,"column":48},"end":{"line":130,"column":null}}}},"branchMap":{"0":{"loc":{"start":{"line":12,"column":24},"end":{"line":12,"column":null}},"type":"switch","locations":[{"start":{"line":12,"column":24},"end":{"line":12,"column":null}}]},"1":{"loc":{"start":{"line":14,"column":4},"end":{"line":16,"column":null}},"type":"if","locations":[{"start":{"line":14,"column":4},"end":{"line":16,"column":null}}]},"2":{"loc":{"start":{"line":43,"column":20},"end":{"line":43,"column":null}},"type":"switch","locations":[{"start":{"line":43,"column":20},"end":{"line":43,"column":null}}]},"3":{"loc":{"start":{"line":45,"column":4},"end":{"line":47,"column":null}},"type":"if","locations":[{"start":{"line":45,"column":4},"end":{"line":47,"column":null}}]},"4":{"loc":{"start":{"line":72,"column":20},"end":{"line":72,"column":null}},"type":"switch","locations":[{"start":{"line":72,"column":20},"end":{"line":72,"column":null}}]},"5":{"loc":{"start":{"line":74,"column":4},"end":{"line":76,"column":null}},"type":"if","locations":[{"start":{"line":74,"column":4},"end":{"line":76,"column":null}}]},"6":{"loc":{"start":{"line":78,"column":4},"end":{"line":80,"column":null}},"type":"if","locations":[{"start":{"line":78,"column":4},"end":{"line":80,"column":null}}]},"7":{"loc":{"start":{"line":82,"column":4},"end":{"line":84,"column":null}},"type":"if","locations":[{"start":{"line":82,"column":4},"end":{"line":84,"column":null}}]},"8":{"loc":{"start":{"line":86,"column":4},"end":{"line":88,"column":null}},"type":"if","locations":[{"start":{"line":86,"column":4},"end":{"line":88,"column":null}}]},"9":{"loc":{"start":{"line":90,"column":4},"end":{"line":92,"column":null}},"type":"if","locations":[{"start":{"line":90,"column":4},"end":{"line":92,"column":null}}]},"10":{"loc":{"start":{"line":101,"column":20},"end":{"line":101,"column":null}},"type":"switch","locations":[{"start":{"line":101,"column":20},"end":{"line":101,"column":null}}]},"11":{"loc":{"start":{"line":103,"column":4},"end":{"line":105,"column":null}},"type":"if","locations":[{"start":{"line":103,"column":4},"end":{"line":105,"column":null}}]},"12":{"loc":{"start":{"line":107,"column":4},"end":{"line":109,"column":null}},"type":"if","locations":[{"start":{"line":107,"column":4},"end":{"line":109,"column":null}}]},"13":{"loc":{"start":{"line":111,"column":4},"end":{"line":113,"column":null}},"type":"if","locations":[{"start":{"line":111,"column":4},"end":{"line":113,"column":null}}]},"14":{"loc":{"start":{"line":123,"column":20},"end":{"line":123,"column":null}},"type":"switch","locations":[{"start":{"line":123,"column":20},"end":{"line":123,"column":null}}]},"15":{"loc":{"start":{"line":125,"column":4},"end":{"line":125,"column":null}},"type":"if","locations":[{"start":{"line":125,"column":4},"end":{"line":125,"column":null}}]},"16":{"loc":{"start":{"line":127,"column":4},"end":{"line":127,"column":null}},"type":"if","locations":[{"start":{"line":127,"column":4},"end":{"line":127,"column":null}}]},"17":{"loc":{"start":{"line":127,"column":7},"end":{"line":127,"column":87}},"type":"binary-expr","locations":[{"start":{"line":127,"column":7},"end":{"line":127,"column":44}},{"start":{"line":127,"column":48},"end":{"line":127,"column":87}}]}},"s":{"0":1,"1":1,"2":1,"3":1,"4":1,"5":2,"6":2,"7":2,"8":1,"9":1,"10":1,"11":1,"12":2,"13":1,"14":1,"15":1,"16":1,"17":1,"18":1,"19":1,"20":1,"21":0,"22":1,"23":1,"24":4,"25":4,"26":4,"27":4,"28":4,"29":1,"30":6,"31":6,"32":6,"33":1,"34":5,"35":1,"36":4,"37":1,"38":3,"39":1,"40":2,"41":1,"42":2,"43":1,"44":1,"45":0,"46":0,"47":0,"48":0,"49":0,"50":0,"51":0,"52":0,"53":0,"54":0,"55":1,"56":3,"57":3,"58":3,"59":2,"60":1,"61":1,"62":0,"63":1},"f":{"0":2,"1":2,"2":1,"3":1,"4":4,"5":6,"6":0,"7":3},"b":{"0":[2],"1":[1],"2":[1],"3":[0],"4":[6],"5":[1],"6":[1],"7":[1],"8":[1],"9":[1],"10":[0],"11":[0],"12":[0],"13":[0],"14":[3],"15":[2],"16":[1],"17":[1,1]}}
,"/home/caioqf/projects/api_reserva_v3/src/shared/errors/AppError.ts": {"path":"/home/caioqf/projects/api_reserva_v3/src/shared/errors/AppError.ts","statementMap":{"0":{"start":{"line":4,"column":0},"end":{"line":4,"column":null}},"1":{"start":{"line":8,"column":31},"end":{"line":8,"column":null}},"2":{"start":{"line":9,"column":4},"end":{"line":9,"column":27}},"3":{"start":{"line":10,"column":4},"end":{"line":10,"column":null}},"4":{"start":{"line":12,"column":0},"end":{"line":12,"column":null}},"5":{"start":{"line":14,"column":0},"end":{"line":14,"column":null}}},"fnMap":{"0":{"name":"(anonymous_0)","decl":{"start":{"line":4,"column":0},"end":{"line":4,"column":null}},"loc":{"start":{"line":4,"column":0},"end":{"line":12,"column":null}}},"1":{"name":"AppError","decl":{"start":{"line":8,"column":2},"end":{"line":8,"column":14}},"loc":{"start":{"line":8,"column":55},"end":{"line":11,"column":3}}}},"branchMap":{"0":{"loc":{"start":{"line":8,"column":31},"end":{"line":8,"column":null}},"type":"if","locations":[{"start":{"line":8,"column":31},"end":{"line":8,"column":null}}]}},"s":{"0":1,"1":6,"2":6,"3":6,"4":1,"5":1},"f":{"0":1,"1":6},"b":{"0":[0]}}
}
