TN:
SF:src/database/data-source.ts
FNF:0
FNH:0
DA:1,1
DA:2,1
DA:3,1
DA:4,1
DA:6,1
LF:5
LH:5
BRF:0
BRH:0
end_of_record
TN:
SF:src/entity/Hospede.ts
FN:4,(anonymous_2)
FNF:1
FNH:1
FNDA:1,(anonymous_2)
DA:1,1
DA:4,1
DA:7,1
DA:10,1
DA:13,1
DA:16,1
DA:19,1
DA:22,1
DA:25,1
DA:28,1
DA:30,1
DA:32,1
LF:12
LH:12
BRF:0
BRH:0
end_of_record
TN:
SF:src/entity/Reserva.ts
FN:5,(anonymous_2)
FNF:1
FNH:1
FNDA:1,(anonymous_2)
DA:1,1
DA:5,1
DA:8,1
DA:11,1
DA:14,1
DA:17,1
DA:22,1
DA:25,1
DA:28,1
DA:31,1
DA:34,1
DA:38,1
DA:40,1
LF:13
LH:13
BRF:0
BRH:0
end_of_record
TN:
SF:src/reserva/reserva.repository.ts
FN:6,(anonymous_1)
FN:12,(anonymous_2)
FN:20,(anonymous_3)
FNF:3
FNH:0
FNDA:0,(anonymous_1)
FNDA:0,(anonymous_2)
FNDA:0,(anonymous_3)
DA:1,1
DA:2,1
DA:4,1
DA:7,0
DA:14,0
DA:21,0
LF:6
LH:3
BRF:0
BRH:0
end_of_record
TN:
SF:src/reserva/reserva.service.ts
FN:8,(anonymous_14)
FN:10,(anonymous_16)
FN:34,(anonymous_19)
FN:41,(anonymous_22)
FN:52,(anonymous_25)
FN:66,(anonymous_28)
FN:99,(anonymous_31)
FN:120,(anonymous_34)
FNF:8
FNH:7
FNDA:2,(anonymous_14)
FNDA:2,(anonymous_16)
FNDA:1,(anonymous_19)
FNDA:1,(anonymous_22)
FNDA:4,(anonymous_25)
FNDA:6,(anonymous_28)
FNDA:0,(anonymous_31)
FNDA:3,(anonymous_34)
DA:3,1
DA:4,1
DA:6,1
DA:8,1
DA:10,1
DA:12,2
DA:14,2
DA:15,1
DA:17,1
DA:19,1
DA:29,2
DA:31,1
DA:34,1
DA:36,1
DA:38,1
DA:41,1
DA:43,1
DA:45,1
DA:46,0
DA:49,1
DA:52,1
DA:53,4
DA:54,4
DA:56,4
DA:61,4
DA:63,4
DA:66,1
DA:72,6
DA:74,6
DA:75,1
DA:78,5
DA:79,1
DA:82,4
DA:83,1
DA:86,3
DA:87,1
DA:90,2
DA:91,1
DA:94,2
DA:96,1
DA:99,1
DA:101,0
DA:103,0
DA:104,0
DA:107,0
DA:108,0
DA:111,0
DA:112,0
DA:115,0
DA:117,0
DA:120,1
DA:123,3
DA:125,3
DA:127,1
DA:129,0
DA:131,1
LF:56
LH:45
BRDA:12,0,0,2
BRDA:14,1,0,1
BRDA:43,2,0,1
BRDA:45,3,0,0
BRDA:72,4,0,6
BRDA:74,5,0,1
BRDA:78,6,0,1
BRDA:82,7,0,1
BRDA:86,8,0,1
BRDA:90,9,0,1
BRDA:101,10,0,0
BRDA:103,11,0,0
BRDA:107,12,0,0
BRDA:111,13,0,0
BRDA:123,14,0,3
BRDA:125,15,0,2
BRDA:127,16,0,1
BRDA:127,17,0,1
BRDA:127,17,1,1
BRF:19
BRH:14
end_of_record
TN:
SF:src/shared/errors/AppError.ts
FN:4,(anonymous_0)
FN:8,AppError
FNF:2
FNH:2
FNDA:1,(anonymous_0)
FNDA:6,AppError
DA:4,1
DA:8,6
DA:9,6
DA:10,6
DA:12,1
DA:14,1
LF:6
LH:6
BRDA:8,0,0,0
BRF:1
BRH:0
end_of_record
